c:\users\d_dud\source\repos\pibasic\v5\daric\bin\vs-2019\x64\release dll\antlr4-runtime.lib
c:\users\d_dud\source\repos\pibasic\v5\daric\bin\vs-2019\x64\release dll\antlr4-runtime.exp
c:\users\d_dud\source\repos\pibasic\v5\daric\bin\vs-2019\x64\release dll\antlr4-runtime.ipdb
c:\users\d_dud\source\repos\pibasic\v5\daric\bin\vs-2019\x64\release dll\antlr4-runtime.iobj
c:\users\d_dud\source\repos\pibasic\v5\daric\obj\x64\release dll\antlr4cpp-vs2019\atnserializer.obj
c:\users\d_dud\source\repos\pibasic\v5\daric\obj\x64\release dll\antlr4cpp-vs2019\lexeractionexecutor.obj
c:\users\d_dud\source\repos\pibasic\v5\daric\obj\x64\release dll\antlr4cpp-vs2019\lexerpopmodeaction.obj
c:\users\d_dud\source\repos\pibasic\v5\daric\obj\x64\release dll\antlr4cpp-vs2019\predicateevalinfo.obj
c:\users\d_dud\source\repos\pibasic\v5\daric\obj\x64\release dll\antlr4cpp-vs2019\starblockstartstate.obj
c:\users\d_dud\source\repos\pibasic\v5\daric\obj\x64\release dll\antlr4cpp-vs2019\diagnosticerrorlistener.obj
c:\users\d_dud\source\repos\pibasic\v5\daric\obj\x64\release dll\antlr4cpp-vs2019\parserrulecontext.obj
c:\users\d_dud\source\repos\pibasic\v5\daric\obj\x64\release dll\antlr4cpp-vs2019\tokenstreamrewriter.obj
c:\users\d_dud\source\repos\pibasic\v5\daric\obj\x64\release dll\antlr4cpp-vs2019\xpathtokenanywhereelement.obj
c:\users\d_dud\source\repos\pibasic\v5\daric\obj\x64\release dll\antlr4cpp-vs2019\atndeserializationoptions.obj
c:\users\d_dud\source\repos\pibasic\v5\daric\obj\x64\release dll\antlr4cpp-vs2019\emptypredictioncontext.obj
c:\users\d_dud\source\repos\pibasic\v5\daric\obj\x64\release dll\antlr4cpp-vs2019\lookaheadeventinfo.obj
c:\users\d_dud\source\repos\pibasic\v5\daric\obj\x64\release dll\antlr4cpp-vs2019\plusloopbackstate.obj
c:\users\d_dud\source\repos\pibasic\v5\daric\obj\x64\release dll\antlr4cpp-vs2019\starloopbackstate.obj
c:\users\d_dud\source\repos\pibasic\v5\daric\obj\x64\release dll\antlr4cpp-vs2019\dfaserializer.obj
c:\users\d_dud\source\repos\pibasic\v5\daric\obj\x64\release dll\antlr4cpp-vs2019\interval.obj
c:\users\d_dud\source\repos\pibasic\v5\daric\obj\x64\release dll\antlr4cpp-vs2019\runtimemetadata.obj
c:\users\d_dud\source\repos\pibasic\v5\daric\obj\x64\release dll\antlr4cpp-vs2019\parsetreelistener.obj
c:\users\d_dud\source\repos\pibasic\v5\daric\obj\x64\release dll\antlr4cpp-vs2019\trees.obj
c:\users\d_dud\source\repos\pibasic\v5\daric\obj\x64\release dll\antlr4cpp-vs2019\atnconfig.obj
c:\users\d_dud\source\repos\pibasic\v5\daric\obj\x64\release dll\antlr4cpp-vs2019\blockstartstate.obj
c:\users\d_dud\source\repos\pibasic\v5\daric\obj\x64\release dll\antlr4cpp-vs2019\lexertypeaction.obj
c:\users\d_dud\source\repos\pibasic\v5\daric\obj\x64\release dll\antlr4cpp-vs2019\rulestartstate.obj
c:\users\d_dud\source\repos\pibasic\v5\daric\obj\x64\release dll\antlr4cpp-vs2019\baseerrorlistener.obj
c:\users\d_dud\source\repos\pibasic\v5\daric\obj\x64\release dll\antlr4cpp-vs2019\inputmismatchexception.obj
c:\users\d_dud\source\repos\pibasic\v5\daric\obj\x64\release dll\antlr4cpp-vs2019\parser.obj
c:\users\d_dud\source\repos\pibasic\v5\daric\obj\x64\release dll\antlr4cpp-vs2019\iterativeparsetreewalker.obj
c:\users\d_dud\source\repos\pibasic\v5\daric\obj\x64\release dll\antlr4cpp-vs2019\terminalnodeimpl.obj
c:\users\d_dud\source\repos\pibasic\v5\daric\obj\x64\release dll\antlr4cpp-vs2019\arraypredictioncontext.obj
c:\users\d_dud\source\repos\pibasic\v5\daric\obj\x64\release dll\antlr4cpp-vs2019\errorinfo.obj
c:\users\d_dud\source\repos\pibasic\v5\daric\obj\x64\release dll\antlr4cpp-vs2019\orderedatnconfigset.obj
c:\users\d_dud\source\repos\pibasic\v5\daric\obj\x64\release dll\antlr4cpp-vs2019\ruletransition.obj
c:\users\d_dud\source\repos\pibasic\v5\daric\obj\x64\release dll\antlr4cpp-vs2019\commontokenfactory.obj
c:\users\d_dud\source\repos\pibasic\v5\daric\obj\x64\release dll\antlr4cpp-vs2019\interpreterdatareader.obj
c:\users\d_dud\source\repos\pibasic\v5\daric\obj\x64\release dll\antlr4cpp-vs2019\guid.obj
c:\users\d_dud\source\repos\pibasic\v5\daric\obj\x64\release dll\antlr4cpp-vs2019\parsetreewalker.obj
c:\users\d_dud\source\repos\pibasic\v5\daric\obj\x64\release dll\antlr4cpp-vs2019\xpathruleelement.obj
c:\users\d_dud\source\repos\pibasic\v5\daric\obj\x64\release dll\antlr4cpp-vs2019\antlrerrorstrategy.obj
c:\users\d_dud\source\repos\pibasic\v5\daric\obj\x64\release dll\antlr4cpp-vs2019\contextsensitivityinfo.obj
c:\users\d_dud\source\repos\pibasic\v5\daric\obj\x64\release dll\antlr4cpp-vs2019\parseinfo.obj
c:\users\d_dud\source\repos\pibasic\v5\daric\obj\x64\release dll\antlr4cpp-vs2019\singletonpredictioncontext.obj
c:\users\d_dud\source\repos\pibasic\v5\daric\obj\x64\release dll\antlr4cpp-vs2019\consoleerrorlistener.obj
c:\users\d_dud\source\repos\pibasic\v5\daric\obj\x64\release dll\antlr4cpp-vs2019\listtokensource.obj
c:\users\d_dud\source\repos\pibasic\v5\daric\obj\x64\release dll\antlr4cpp-vs2019\rulecontext.obj
c:\users\d_dud\source\repos\pibasic\v5\daric\obj\x64\release dll\antlr4cpp-vs2019\errornodeimpl.obj
c:\users\d_dud\source\repos\pibasic\v5\daric\obj\x64\release dll\antlr4cpp-vs2019\terminalnode.obj
c:\users\d_dud\source\repos\pibasic\v5\daric\obj\x64\release dll\antlr4cpp-vs2019\vocabulary.obj
c:\users\d_dud\source\repos\pibasic\v5\daric\obj\x64\release dll\antlr4cpp-vs2019\actiontransition.obj
c:\users\d_dud\source\repos\pibasic\v5\daric\obj\x64\release dll\antlr4cpp-vs2019\decisioneventinfo.obj
c:\users\d_dud\source\repos\pibasic\v5\daric\obj\x64\release dll\antlr4cpp-vs2019\loopendstate.obj
c:\users\d_dud\source\repos\pibasic\v5\daric\obj\x64\release dll\antlr4cpp-vs2019\rulestopstate.obj
c:\users\d_dud\source\repos\pibasic\v5\daric\obj\x64\release dll\antlr4cpp-vs2019\charstream.obj
c:\users\d_dud\source\repos\pibasic\v5\daric\obj\x64\release dll\antlr4cpp-vs2019\lexer.obj
c:\users\d_dud\source\repos\pibasic\v5\daric\obj\x64\release dll\antlr4cpp-vs2019\cpputils.obj
c:\users\d_dud\source\repos\pibasic\v5\daric\obj\x64\release dll\antlr4cpp-vs2019\tagchunk.obj
c:\users\d_dud\source\repos\pibasic\v5\daric\obj\x64\release dll\antlr4cpp-vs2019\xpathwildcardelement.obj
c:\users\d_dud\source\repos\pibasic\v5\daric\obj\x64\release dll\antlr4cpp-vs2019\atnsimulator.obj
c:\users\d_dud\source\repos\pibasic\v5\daric\obj\x64\release dll\antlr4cpp-vs2019\decisioninfo.obj
c:\users\d_dud\source\repos\pibasic\v5\daric\obj\x64\release dll\antlr4cpp-vs2019\lexerskipaction.obj
c:\users\d_dud\source\repos\pibasic\v5\daric\obj\x64\release dll\antlr4cpp-vs2019\precedencepredicatetransition.obj
c:\users\d_dud\source\repos\pibasic\v5\daric\obj\x64\release dll\antlr4cpp-vs2019\tokensstartstate.obj
c:\users\d_dud\source\repos\pibasic\v5\daric\obj\x64\release dll\antlr4cpp-vs2019\lexerdfaserializer.obj
c:\users\d_dud\source\repos\pibasic\v5\daric\obj\x64\release dll\antlr4cpp-vs2019\murmurhash.obj
c:\users\d_dud\source\repos\pibasic\v5\daric\obj\x64\release dll\antlr4cpp-vs2019\token.obj
c:\users\d_dud\source\repos\pibasic\v5\daric\obj\x64\release dll\antlr4cpp-vs2019\textchunk.obj
c:\users\d_dud\source\repos\pibasic\v5\daric\obj\x64\release dll\antlr4cpp-vs2019\unbufferedcharstream.obj
c:\users\d_dud\source\repos\pibasic\v5\daric\obj\x64\release dll\antlr4cpp-vs2019\antlrerrorlistener.obj
c:\users\d_dud\source\repos\pibasic\v5\daric\obj\x64\release dll\antlr4cpp-vs2019\blockendstate.obj
c:\users\d_dud\source\repos\pibasic\v5\daric\obj\x64\release dll\antlr4cpp-vs2019\lexercustomaction.obj
c:\users\d_dud\source\repos\pibasic\v5\daric\obj\x64\release dll\antlr4cpp-vs2019\parseratnsimulator.obj
c:\users\d_dud\source\repos\pibasic\v5\daric\obj\x64\release dll\antlr4cpp-vs2019\transition.obj
c:\users\d_dud\source\repos\pibasic\v5\daric\obj\x64\release dll\antlr4cpp-vs2019\exceptions.obj
c:\users\d_dud\source\repos\pibasic\v5\daric\obj\x64\release dll\antlr4cpp-vs2019\intervalset.obj
c:\users\d_dud\source\repos\pibasic\v5\daric\obj\x64\release dll\antlr4cpp-vs2019\stringutils.obj
c:\users\d_dud\source\repos\pibasic\v5\daric\obj\x64\release dll\antlr4cpp-vs2019\parsetreepattern.obj
c:\users\d_dud\source\repos\pibasic\v5\daric\obj\x64\release dll\antlr4cpp-vs2019\xpathruleanywhereelement.obj
c:\users\d_dud\source\repos\pibasic\v5\daric\obj\x64\release dll\antlr4cpp-vs2019\antlrfilestream.obj
c:\users\d_dud\source\repos\pibasic\v5\daric\obj\x64\release dll\antlr4cpp-vs2019\decisionstate.obj
c:\users\d_dud\source\repos\pibasic\v5\daric\obj\x64\release dll\antlr4cpp-vs2019\lexermoreaction.obj
c:\users\d_dud\source\repos\pibasic\v5\daric\obj\x64\release dll\antlr4cpp-vs2019\rangetransition.obj
c:\users\d_dud\source\repos\pibasic\v5\daric\obj\x64\release dll\antlr4cpp-vs2019\bailerrorstrategy.obj
c:\users\d_dud\source\repos\pibasic\v5\daric\obj\x64\release dll\antlr4cpp-vs2019\interpreterrulecontext.obj
c:\users\d_dud\source\repos\pibasic\v5\daric\obj\x64\release dll\antlr4cpp-vs2019\recognitionexception.obj
c:\users\d_dud\source\repos\pibasic\v5\daric\obj\x64\release dll\antlr4cpp-vs2019\errornode.obj
c:\users\d_dud\source\repos\pibasic\v5\daric\obj\x64\release dll\antlr4cpp-vs2019\xpathlexererrorlistener.obj
c:\users\d_dud\source\repos\pibasic\v5\daric\obj\x64\release dll\antlr4cpp-vs2019\atndeserializer.obj
c:\users\d_dud\source\repos\pibasic\v5\daric\obj\x64\release dll\antlr4cpp-vs2019\lexeratnsimulator.obj
c:\users\d_dud\source\repos\pibasic\v5\daric\obj\x64\release dll\antlr4cpp-vs2019\predictionmode.obj
c:\users\d_dud\source\repos\pibasic\v5\daric\obj\x64\release dll\antlr4cpp-vs2019\bufferedtokenstream.obj
c:\users\d_dud\source\repos\pibasic\v5\daric\obj\x64\release dll\antlr4cpp-vs2019\lexernoviablealtexception.obj
c:\users\d_dud\source\repos\pibasic\v5\daric\obj\x64\release dll\antlr4cpp-vs2019\any.obj
c:\users\d_dud\source\repos\pibasic\v5\daric\obj\x64\release dll\antlr4cpp-vs2019\parsetreepatternmatcher.obj
c:\users\d_dud\source\repos\pibasic\v5\daric\obj\x64\release dll\antlr4cpp-vs2019\writabletoken.obj
c:\users\d_dud\source\repos\pibasic\v5\daric\obj\x64\release dll\antlr4cpp-vs2019\atnstate.obj
c:\users\d_dud\source\repos\pibasic\v5\daric\obj\x64\release dll\antlr4cpp-vs2019\lexeraction.obj
c:\users\d_dud\source\repos\pibasic\v5\daric\obj\x64\release dll\antlr4cpp-vs2019\lexerindexedcustomaction.obj
c:\users\d_dud\source\repos\pibasic\v5\daric\obj\x64\release dll\antlr4cpp-vs2019\predicatetransition.obj
c:\users\d_dud\source\repos\pibasic\v5\daric\obj\x64\release dll\antlr4cpp-vs2019\wildcardtransition.obj
c:\users\d_dud\source\repos\pibasic\v5\daric\obj\x64\release dll\antlr4cpp-vs2019\failedpredicateexception.obj
c:\users\d_dud\source\repos\pibasic\v5\daric\obj\x64\release dll\antlr4cpp-vs2019\recognizer.obj
c:\users\d_dud\source\repos\pibasic\v5\daric\obj\x64\release dll\antlr4cpp-vs2019\parsetreematch.obj
c:\users\d_dud\source\repos\pibasic\v5\daric\obj\x64\release dll\antlr4cpp-vs2019\xpathtokenelement.obj
c:\users\d_dud\source\repos\pibasic\v5\daric\obj\x64\release dll\antlr4cpp-vs2019\atnconfigset.obj
c:\users\d_dud\source\repos\pibasic\v5\daric\obj\x64\release dll\antlr4cpp-vs2019\lexeratnconfig.obj
c:\users\d_dud\source\repos\pibasic\v5\daric\obj\x64\release dll\antlr4cpp-vs2019\ll1analyzer.obj
c:\users\d_dud\source\repos\pibasic\v5\daric\obj\x64\release dll\antlr4cpp-vs2019\semanticcontext.obj
c:\users\d_dud\source\repos\pibasic\v5\daric\obj\x64\release dll\antlr4cpp-vs2019\dfa.obj
c:\users\d_dud\source\repos\pibasic\v5\daric\obj\x64\release dll\antlr4cpp-vs2019\parserinterpreter.obj
c:\users\d_dud\source\repos\pibasic\v5\daric\obj\x64\release dll\antlr4cpp-vs2019\parsetreevisitor.obj
c:\users\d_dud\source\repos\pibasic\v5\daric\obj\x64\release dll\antlr4cpp-vs2019\xpathelement.obj
c:\users\d_dud\source\repos\pibasic\v5\daric\obj\x64\release dll\antlr4cpp-vs2019\atn.obj
c:\users\d_dud\source\repos\pibasic\v5\daric\obj\x64\release dll\antlr4cpp-vs2019\epsilontransition.obj
c:\users\d_dud\source\repos\pibasic\v5\daric\obj\x64\release dll\antlr4cpp-vs2019\notsettransition.obj
c:\users\d_dud\source\repos\pibasic\v5\daric\obj\x64\release dll\antlr4cpp-vs2019\settransition.obj
c:\users\d_dud\source\repos\pibasic\v5\daric\obj\x64\release dll\antlr4cpp-vs2019\commontokenstream.obj
c:\users\d_dud\source\repos\pibasic\v5\daric\obj\x64\release dll\antlr4cpp-vs2019\intstream.obj
c:\users\d_dud\source\repos\pibasic\v5\daric\obj\x64\release dll\antlr4cpp-vs2019\proxyerrorlistener.obj
c:\users\d_dud\source\repos\pibasic\v5\daric\obj\x64\release dll\antlr4cpp-vs2019\tokenstream.obj
c:\users\d_dud\source\repos\pibasic\v5\daric\obj\x64\release dll\antlr4cpp-vs2019\tokentagtoken.obj
c:\users\d_dud\source\repos\pibasic\v5\daric\obj\x64\release dll\antlr4cpp-vs2019\unbufferedtokenstream.obj
c:\users\d_dud\source\repos\pibasic\v5\daric\obj\x64\release dll\antlr4cpp-vs2019\ambiguityinfo.obj
c:\users\d_dud\source\repos\pibasic\v5\daric\obj\x64\release dll\antlr4cpp-vs2019\basicstate.obj
c:\users\d_dud\source\repos\pibasic\v5\daric\obj\x64\release dll\antlr4cpp-vs2019\lexerpushmodeaction.obj
c:\users\d_dud\source\repos\pibasic\v5\daric\obj\x64\release dll\antlr4cpp-vs2019\predictioncontext.obj
c:\users\d_dud\source\repos\pibasic\v5\daric\obj\x64\release dll\antlr4cpp-vs2019\commontoken.obj
c:\users\d_dud\source\repos\pibasic\v5\daric\obj\x64\release dll\antlr4cpp-vs2019\lexerinterpreter.obj
c:\users\d_dud\source\repos\pibasic\v5\daric\obj\x64\release dll\antlr4cpp-vs2019\rulecontextwithaltnum.obj
c:\users\d_dud\source\repos\pibasic\v5\daric\obj\x64\release dll\antlr4cpp-vs2019\parsetree.obj
c:\users\d_dud\source\repos\pibasic\v5\daric\obj\x64\release dll\antlr4cpp-vs2019\xpath.obj
c:\users\d_dud\source\repos\pibasic\v5\daric\obj\x64\release dll\antlr4cpp-vs2019\antlrinputstream.obj
c:\users\d_dud\source\repos\pibasic\v5\daric\obj\x64\release dll\antlr4cpp-vs2019\basicblockstartstate.obj
c:\users\d_dud\source\repos\pibasic\v5\daric\obj\x64\release dll\antlr4cpp-vs2019\lexermodeaction.obj
c:\users\d_dud\source\repos\pibasic\v5\daric\obj\x64\release dll\antlr4cpp-vs2019\plusblockstartstate.obj
c:\users\d_dud\source\repos\pibasic\v5\daric\obj\x64\release dll\antlr4cpp-vs2019\starloopentrystate.obj
c:\users\d_dud\source\repos\pibasic\v5\daric\obj\x64\release dll\antlr4cpp-vs2019\dfastate.obj
c:\users\d_dud\source\repos\pibasic\v5\daric\obj\x64\release dll\antlr4cpp-vs2019\predicate.obj
c:\users\d_dud\source\repos\pibasic\v5\daric\obj\x64\release dll\antlr4cpp-vs2019\arrays.obj
c:\users\d_dud\source\repos\pibasic\v5\daric\obj\x64\release dll\antlr4cpp-vs2019\chunk.obj
c:\users\d_dud\source\repos\pibasic\v5\daric\obj\x64\release dll\antlr4cpp-vs2019\xpathlexer.obj
c:\users\d_dud\source\repos\pibasic\v5\daric\obj\x64\release dll\antlr4cpp-vs2019\abstractpredicatetransition.obj
c:\users\d_dud\source\repos\pibasic\v5\daric\obj\x64\release dll\antlr4cpp-vs2019\atomtransition.obj
c:\users\d_dud\source\repos\pibasic\v5\daric\obj\x64\release dll\antlr4cpp-vs2019\lexerchannelaction.obj
c:\users\d_dud\source\repos\pibasic\v5\daric\obj\x64\release dll\antlr4cpp-vs2019\profilingatnsimulator.obj
c:\users\d_dud\source\repos\pibasic\v5\daric\obj\x64\release dll\antlr4cpp-vs2019\defaulterrorstrategy.obj
c:\users\d_dud\source\repos\pibasic\v5\daric\obj\x64\release dll\antlr4cpp-vs2019\noviablealtexception.obj
c:\users\d_dud\source\repos\pibasic\v5\daric\obj\x64\release dll\antlr4cpp-vs2019\tokensource.obj
c:\users\d_dud\source\repos\pibasic\v5\daric\obj\x64\release dll\antlr4cpp-vs2019\ruletagtoken.obj
c:\users\d_dud\source\repos\pibasic\v5\daric\obj\x64\release dll\antlr4cpp-vs2019\xpathwildcardanywhereelement.obj
c:\users\d_dud\source\repos\pibasic\v5\daric\obj\x64\release dll\antlr4cpp-vs2019\vc142.pdb
c:\users\d_dud\source\repos\pibasic\v5\daric\bin\vs-2019\x64\release dll\antlr4-runtime.dll
c:\users\d_dud\source\repos\pibasic\v5\daric\bin\vs-2019\x64\release dll\antlr4-runtime.pdb
c:\users\d_dud\source\repos\pibasic\v5\daric\obj\x64\release dll\antlr4cpp-vs2019\antlr4cpp-vs2019.tlog\antlr4cpp-vs2019.write.1u.tlog
c:\users\d_dud\source\repos\pibasic\v5\daric\obj\x64\release dll\antlr4cpp-vs2019\antlr4cpp-vs2019.tlog\cl.10740.write.1.tlog
c:\users\d_dud\source\repos\pibasic\v5\daric\obj\x64\release dll\antlr4cpp-vs2019\antlr4cpp-vs2019.tlog\cl.command.1.tlog
c:\users\d_dud\source\repos\pibasic\v5\daric\obj\x64\release dll\antlr4cpp-vs2019\antlr4cpp-vs2019.tlog\cl.read.1.tlog
c:\users\d_dud\source\repos\pibasic\v5\daric\obj\x64\release dll\antlr4cpp-vs2019\antlr4cpp-vs2019.tlog\link.command.1.tlog
c:\users\d_dud\source\repos\pibasic\v5\daric\obj\x64\release dll\antlr4cpp-vs2019\antlr4cpp-vs2019.tlog\link.read.1.tlog
c:\users\d_dud\source\repos\pibasic\v5\daric\obj\x64\release dll\antlr4cpp-vs2019\antlr4cpp-vs2019.tlog\link.write.1.tlog
